services/notifications.ts(67,59): error TS1005: ',' expected.
services/notifications.ts(67,60): error TS1134: Variable declaration expected.
services/notifications.ts(67,65): error TS1005: ',' expected.
services/notifications.ts(67,77): error TS1005: ',' expected.
services/notifications.ts(67,112): error TS1005: ';' expected.
services/notifications.ts(67,113): error TS1128: Declaration or statement expected.
