app/(tabs)/index.tsx(509,3): error TS1117: An object literal cannot have multiple properties with the same name.
app/(tabs)/profile.tsx(236,73): error TS2551: Property 'birthDate' does not exist on type '{ id: any; email: any; fullName: any; avatarUrl: any; birth_date: any; zodiacSign: any; gender: any; city: any; status: any; createdAt: any; updatedAt: any; bio: any; job: any; relationshipStatus: any; preferredTellerId: any; }'. Did you mean 'birth_date'?
app/auth/register.tsx(56,9): error TS2561: Object literal may only specify known properties, but 'birthDate' does not exist in type 'RegisterData'. Did you mean to write 'birth_date'?
app/auth/reset-password.tsx(125,19): error TS2339: Property 'h1' does not exist on type '{ readonly title: { readonly fontSize: 28; readonly fontWeight: "700"; readonly lineHeight: 36; }; readonly heading: { readonly fontSize: 24; readonly fontWeight: "700"; readonly lineHeight: 32; }; ... 4 more ...; readonly small: { ...; }; }'.
app/auth/reset-password.tsx(157,16): error TS2339: Property 'md' does not exist on type '{ readonly small: { readonly shadowColor: "#000"; readonly shadowOffset: { readonly width: 0; readonly height: 2; }; readonly shadowOpacity: 0.1; readonly shadowRadius: 4; readonly elevation: 2; }; readonly medium: { ...; }; readonly large: { ...; }; }'.
app/auth/reset-password.tsx(169,19): error TS2339: Property 'h3' does not exist on type '{ readonly title: { readonly fontSize: 28; readonly fontWeight: "700"; readonly lineHeight: 36; }; readonly heading: { readonly fontSize: 24; readonly fontWeight: "700"; readonly lineHeight: 32; }; ... 4 more ...; readonly small: { ...; }; }'.
app/credits/buy.tsx(152,19): error TS2339: Property 'h2' does not exist on type '{ readonly title: { readonly fontSize: 28; readonly fontWeight: "700"; readonly lineHeight: 36; }; readonly heading: { readonly fontSize: 24; readonly fontWeight: "700"; readonly lineHeight: 32; }; ... 4 more ...; readonly small: { ...; }; }'.
app/credits/buy.tsx(178,19): error TS2339: Property 'h1' does not exist on type '{ readonly title: { readonly fontSize: 28; readonly fontWeight: "700"; readonly lineHeight: 36; }; readonly heading: { readonly fontSize: 24; readonly fontWeight: "700"; readonly lineHeight: 32; }; ... 4 more ...; readonly small: { ...; }; }'.
app/credits/buy.tsx(182,19): error TS2339: Property 'h3' does not exist on type '{ readonly title: { readonly fontSize: 28; readonly fontWeight: "700"; readonly lineHeight: 36; }; readonly heading: { readonly fontSize: 24; readonly fontWeight: "700"; readonly lineHeight: 32; }; ... 4 more ...; readonly small: { ...; }; }'.
app/credits/buy.tsx(192,16): error TS2339: Property 'md' does not exist on type '{ readonly small: { readonly shadowColor: "#000"; readonly shadowOffset: { readonly width: 0; readonly height: 2; }; readonly shadowOpacity: 0.1; readonly shadowRadius: 4; readonly elevation: 2; }; readonly medium: { ...; }; readonly large: { ...; }; }'.
app/credits/buy.tsx(209,19): error TS2339: Property 'h3' does not exist on type '{ readonly title: { readonly fontSize: 28; readonly fontWeight: "700"; readonly lineHeight: 36; }; readonly heading: { readonly fontSize: 24; readonly fontWeight: "700"; readonly lineHeight: 32; }; ... 4 more ...; readonly small: { ...; }; }'.
app/credits/buy.tsx(214,19): error TS2339: Property 'h3' does not exist on type '{ readonly title: { readonly fontSize: 28; readonly fontWeight: "700"; readonly lineHeight: 36; }; readonly heading: { readonly fontSize: 24; readonly fontWeight: "700"; readonly lineHeight: 32; }; ... 4 more ...; readonly small: { ...; }; }'.
app/profile/edit.tsx(20,26): error TS2305: Module '"@/services/profiles"' has no exported member 'UpdateProfileData'.
app/profile/edit.tsx(59,11): error TS2769: No overload matches this call.
  Overload 1 of 2, '(props: FlatListProps<string>): FlatList<string>', gave the following error.
    Type 'string[] | { label: string; value: string; }[]' is not assignable to type 'ArrayLike<string> | null | undefined'.
      Type '{ label: string; value: string; }[]' is not assignable to type 'ArrayLike<string>'.
        'number' index signatures are incompatible.
          Type '{ label: string; value: string; }' is not assignable to type 'string'.
  Overload 2 of 2, '(props: FlatListProps<string>, context: any): FlatList<string>', gave the following error.
    Type 'string[] | { label: string; value: string; }[]' is not assignable to type 'ArrayLike<string> | null | undefined'.
      Type '{ label: string; value: string; }[]' is not assignable to type 'ArrayLike<string>'.
        'number' index signatures are incompatible.
          Type '{ label: string; value: string; }' is not assignable to type 'string'.
app/profile/edit.tsx(60,75): error TS2339: Property 'value' does not exist on type 'never'.
app/profile/edit.tsx(62,66): error TS2339: Property 'label' does not exist on type 'never'.
app/profile/edit.tsx(63,66): error TS2339: Property 'value' does not exist on type 'never'.
app/profile/edit.tsx(114,28): error TS2551: Property 'birthDate' does not exist on type '{ id: any; email: any; fullName: any; avatarUrl: any; birth_date: any; zodiacSign: any; gender: any; city: any; status: any; createdAt: any; updatedAt: any; bio: any; job: any; relationshipStatus: any; preferredTellerId: any; }'. Did you mean 'birth_date'?
components/FortuneShareCard.tsx(171,19): error TS2339: Property 'captionBold' does not exist on type '{ readonly title: { readonly fontSize: 28; readonly fontWeight: "700"; readonly lineHeight: 36; }; readonly heading: { readonly fontSize: 24; readonly fontWeight: "700"; readonly lineHeight: 32; }; ... 4 more ...; readonly small: { ...; }; }'.
components/Skeleton.tsx(41,9): error TS2322: Type '{ width: string | number; height: string | number; borderRadius: number; opacity: Animated.Value; }' is not assignable to type 'false | "" | RegisteredStyle<ViewStyle> | Value | WithAnimatedObject<ViewStyle> | AnimatedInterpolation<string | number> | WithAnimatedArray<...> | readonly (false | ... 6 more ... | undefined)[] | null | undefined'.
  Types of property 'width' are incompatible.
    Type 'string | number' is not assignable to type 'number | "auto" | `${number}%` | Value | AnimatedInterpolation<string | number> | WithAnimatedObject<AnimatedNode> | null | undefined'.
      Type 'string' is not assignable to type 'number | "auto" | `${number}%` | Value | AnimatedInterpolation<string | number> | WithAnimatedObject<AnimatedNode> | null | undefined'.
i18n/setup.ts(28,38): error TS2769: No overload matches this call.
  Overload 1 of 2, '(callback?: Callback | undefined): Promise<TFunction<"translation", undefined>>', gave the following error.
    Object literal may only specify known properties, and 'resources' does not exist in type 'Callback'.
  Overload 2 of 2, '(options: InitOptions<unknown>, callback?: Callback | undefined): Promise<TFunction<"translation", undefined>>', gave the following error.
    Type '"v3"' is not assignable to type '"v4"'.
services/auth.ts(36,37): error TS2339: Property 'id' does not exist on type 'never'.
services/auth.ts(48,42): error TS2339: Property 'id' does not exist on type 'never'.
services/auth.ts(52,29): error TS2345: Argument of type '{ auth_user_id: string; }' is not assignable to parameter of type 'never'.
services/auth.ts(53,31): error TS2345: Argument of type 'string | null' is not assignable to parameter of type '{}'.
  Type 'null' is not assignable to type '{}'.
services/auth.ts(63,97): error TS2345: Argument of type '{ p_auth_user_id: string; p_email: string; p_full_name: string; p_avatar_url: string; p_zodiac_sign: string; p_birth_date: string | null; p_gender: "male" | "female" | "other" | null; }' is not assignable to parameter of type 'undefined'.
services/auth.ts(74,43): error TS2339: Property 'id' does not exist on type 'never'.
services/auth.ts(79,22): error TS2769: No overload matches this call.
  Overload 1 of 2, '(values: never, options?: { count?: "exact" | "planned" | "estimated" | undefined; } | undefined): PostgrestFilterBuilder<{ PostgrestVersion: "12"; }, never, never, null, "users", never, "POST">', gave the following error.
    Argument of type '{ auth_user_id: string; email: string | null | undefined; full_name: string | undefined; zodiac_sign: string | null; birth_date: string | undefined; gender: "male" | "female" | "other" | undefined; avatar_url: string | undefined; status: string; }' is not assignable to parameter of type 'never'.
  Overload 2 of 2, '(values: never[], options?: { count?: "exact" | "planned" | "estimated" | undefined; defaultToNull?: boolean | undefined; } | undefined): PostgrestFilterBuilder<{ PostgrestVersion: "12"; }, never, never, null, "users", never, "POST">', gave the following error.
    Object literal may only specify known properties, and 'auth_user_id' does not exist in type 'never[]'.
services/auth.ts(93,45): error TS2339: Property 'id' does not exist on type 'never'.
services/auth.ts(97,58): error TS18046: 'e' is of type 'unknown'.
services/auth.ts(124,7): error TS2561: Object literal may only specify known properties, but 'birth_date' does not exist in type 'User'. Did you mean to write 'birthDate'?
services/auth.ts(224,94): error TS2345: Argument of type '{ p_auth_user_id: string; }' is not assignable to parameter of type 'undefined'.
services/auth.ts(245,17): error TS2561: Object literal may only specify known properties, but 'birth_date' does not exist in type 'User'. Did you mean to write 'birthDate'?
services/auth.ts(263,44): error TS2339: Property 'id' does not exist on type 'never'.
services/auth.ts(266,51): error TS2339: Property 'birth_date' does not exist on type 'never'.
services/auth.ts(267,47): error TS2339: Property 'gender' does not exist on type 'never'.
services/auth.ts(272,29): error TS2339: Property 'id' does not exist on type 'never'.
services/auth.ts(273,32): error TS2339: Property 'email' does not exist on type 'never'.
services/auth.ts(274,31): error TS2339: Property 'full_name' does not exist on type 'never'.
services/auth.ts(275,35): error TS2339: Property 'avatar_url' does not exist on type 'never'.
services/auth.ts(276,9): error TS2561: Object literal may only specify known properties, but 'birth_date' does not exist in type 'User'. Did you mean to write 'birthDate'?
services/auth.ts(276,37): error TS2339: Property 'birth_date' does not exist on type 'never'.
services/auth.ts(277,37): error TS2339: Property 'zodiac_sign' does not exist on type 'never'.
services/auth.ts(278,34): error TS2339: Property 'gender' does not exist on type 'never'.
services/auth.ts(279,34): error TS2339: Property 'wallet' does not exist on type 'never'.
services/auth.ts(280,38): error TS2339: Property 'active_subscription' does not exist on type 'never'.
services/auth.ts(281,36): error TS2339: Property 'created_at' does not exist on type 'never'.
services/auth.ts(291,17): error TS7006: Parameter 'userData' implicitly has an 'any' type.
services/auth.ts(307,7): error TS2561: Object literal may only specify known properties, but 'birth_date' does not exist in type 'User'. Did you mean to write 'birthDate'?
services/auth.ts(336,32): error TS18046: 'data' is of type 'unknown'.
services/auth.ts(336,54): error TS7006: Parameter 'b' implicitly has an 'any' type.
services/auth.ts(420,66): error TS18046: 'e' is of type 'unknown'.
services/auth.ts(420,84): error TS18046: 'e' is of type 'unknown'.
services/auth.ts(421,43): error TS18046: 'e' is of type 'unknown'.
services/auth.ts(489,22): error TS2339: Property 'birth_date' does not exist on type '{}'.
services/auth.ts(491,40): error TS2339: Property 'gender' does not exist on type '{}'.
services/auth.ts(492,42): error TS2339: Property 'full_name' does not exist on type '{}'.
services/auth.ts(493,43): error TS2339: Property 'avatar_url' does not exist on type '{}'.
services/auth.ts(494,36): error TS2339: Property 'zodiac_sign' does not exist on type '{}'.
services/auth.ts(499,17): error TS2345: Argument of type '{}' is not assignable to parameter of type 'never'.
services/earning.ts(38,25): error TS2339: Property 'last_login' does not exist on type 'never'.
services/earning.ts(40,41): error TS2339: Property 'last_login' does not exist on type 'never'.
services/earning.ts(63,73): error TS2339: Property 'diamonds' does not exist on type 'never'.
services/earning.ts(69,17): error TS2345: Argument of type '{ last_login: string; }' is not assignable to parameter of type 'never'.
services/earning.ts(73,42): error TS2339: Property 'diamonds' does not exist on type 'never'.
services/fortunes.ts(60,5): error TS2322: Type '{ id: string; userId: string; fortuneTellerId: string | undefined; fortuneTellerName: string | undefined; fortuneTellerAvatar: string | undefined; type: FortuneType; ... 8 more ...; metadata: Json; }[]' is not assignable to type 'Fortune[]'.
  Type '{ id: string; userId: string; fortuneTellerId: string | undefined; fortuneTellerName: string | undefined; fortuneTellerAvatar: string | undefined; type: FortuneType; status: string; ... 7 more ...; metadata: Json; }' is not assignable to type 'Fortune'.
    Types of property 'status' are incompatible.
      Type 'string' is not assignable to type '"pending" | "completed"'.
services/fortunes.ts(93,8): error TS2769: No overload matches this call.
  Overload 1 of 2, '(values: never, options?: { count?: "exact" | "planned" | "estimated" | undefined; } | undefined): PostgrestFilterBuilder<{ PostgrestVersion: "12"; }, never, never, null, "fortunes", never, "POST">', gave the following error.
    Argument of type '{ user_id: string; teller_id: string | undefined; type: FortuneType; user_note: string | undefined; status: string; metadata: Record<string, any>; }' is not assignable to parameter of type 'never'.
  Overload 2 of 2, '(values: never[], options?: { count?: "exact" | "planned" | "estimated" | undefined; defaultToNull?: boolean | undefined; } | undefined): PostgrestFilterBuilder<{ PostgrestVersion: "12"; }, never, never, null, "fortunes", never, "POST">', gave the following error.
    Object literal may only specify known properties, and 'user_id' does not exist in type 'never[]'.
services/fortunes.ts(112,51): error TS2769: No overload matches this call.
  Overload 1 of 2, '(values: never, options?: { count?: "exact" | "planned" | "estimated" | undefined; } | undefined): PostgrestFilterBuilder<{ PostgrestVersion: "12"; }, never, never, null, "fortune_images", never, "POST">', gave the following error.
    Argument of type '{ fortune_id: any; url: string; }' is not assignable to parameter of type 'never'.
  Overload 2 of 2, '(values: never[], options?: { count?: "exact" | "planned" | "estimated" | undefined; defaultToNull?: boolean | undefined; } | undefined): PostgrestFilterBuilder<{ PostgrestVersion: "12"; }, never, never, null, "fortune_images", never, "POST">', gave the following error.
    Object literal may only specify known properties, and 'fortune_id' does not exist in type 'never[]'.
services/fortunes.ts(113,34): error TS2339: Property 'id' does not exist on type 'never'.
services/fortunes.ts(119,63): error TS2339: Property 'id' does not exist on type 'never'.
services/fortunes.ts(122,22): error TS2339: Property 'id' does not exist on type 'never'.
services/fortunes.ts(123,26): error TS2339: Property 'user_id' does not exist on type 'never'.
services/fortunes.ts(124,35): error TS2339: Property 'teller_id' does not exist on type 'never'.
services/fortunes.ts(125,24): error TS2339: Property 'type' does not exist on type 'never'.
services/fortunes.ts(126,26): error TS2339: Property 'status' does not exist on type 'never'.
services/fortunes.ts(128,24): error TS2339: Property 'user_note' does not exist on type 'never'.
services/fortunes.ts(129,29): error TS2339: Property 'created_at' does not exist on type 'never'.
services/fortunes.ts(131,28): error TS2339: Property 'metadata' does not exist on type 'never'.
services/fortunes.ts(138,15): error TS2345: Argument of type '{ is_read: boolean; }' is not assignable to parameter of type 'never'.
services/fortunes.ts(217,7): error TS2322: Type 'string' is not assignable to type '"pending" | "completed"'.
services/fortunes.ts(225,7): error TS2322: Type 'Json' is not assignable to type 'Record<string, any> | undefined'.
  Type 'null' is not assignable to type 'Record<string, any> | undefined'.
services/fortunes.ts(232,15): error TS2345: Argument of type '{ user_rating: 1 | -1; }' is not assignable to parameter of type 'never'.
services/fortunes.ts(267,15): error TS2339: Property 'id' does not exist on type 'never'.
services/fortunes.ts(268,19): error TS2339: Property 'is_free' does not exist on type 'never'.
services/fortunes.ts(269,17): error TS2339: Property 'cost' does not exist on type 'never'.
services/fortuneTellers.ts(111,15): error TS2345: Argument of type '{ views: any; }' is not assignable to parameter of type 'never'.
services/fortuneTellers.ts(111,30): error TS2339: Property 'views' does not exist on type 'never'.
services/horoscope.ts(81,34): error TS2339: Property 'sign' does not exist on type 'never'.
services/horoscope.ts(82,31): error TS2339: Property 'general' does not exist on type 'never'.
services/horoscope.ts(83,28): error TS2339: Property 'love' does not exist on type 'never'.
services/horoscope.ts(84,30): error TS2339: Property 'money' does not exist on type 'never'.
services/horoscope.ts(85,30): error TS2339: Property 'health' does not exist on type 'never'.
services/horoscope.ts(86,28): error TS2339: Property 'effective_date' does not exist on type 'never'.
services/horoscope.ts(91,24): error TS2339: Property 'sign' does not exist on type 'never'.
services/horoscope.ts(92,21): error TS2339: Property 'general' does not exist on type 'never'.
services/horoscope.ts(93,18): error TS2339: Property 'love' does not exist on type 'never'.
services/horoscope.ts(94,20): error TS2339: Property 'money' does not exist on type 'never'.
services/horoscope.ts(95,20): error TS2339: Property 'health' does not exist on type 'never'.
services/horoscope.ts(96,18): error TS2339: Property 'effective_date' does not exist on type 'never'.
services/logger.ts(9,55): error TS7006: Parameter 'details' implicitly has an 'any' type.
services/logger.ts(33,21): error TS2769: No overload matches this call.
  Overload 1 of 2, '(values: never, options?: { count?: "exact" | "planned" | "estimated" | undefined; } | undefined): PostgrestFilterBuilder<{ PostgrestVersion: "12"; }, never, never, null, "app_logs", never, "POST">', gave the following error.
    Argument of type '{ level: LogLevel; message: string; details: string | null; user_id: string | null; platform: "ios" | "android" | "windows" | "macos" | "web"; version: string; metadata: { modelName: string | null; osVersion: string | null; }; }' is not assignable to parameter of type 'never'.
  Overload 2 of 2, '(values: never[], options?: { count?: "exact" | "planned" | "estimated" | undefined; defaultToNull?: boolean | undefined; } | undefined): PostgrestFilterBuilder<{ PostgrestVersion: "12"; }, never, never, null, "app_logs", never, "POST">', gave the following error.
    Argument of type '{ level: LogLevel; message: string; details: string | null; user_id: string | null; platform: "ios" | "android" | "windows" | "macos" | "web"; version: string; metadata: { modelName: string | null; osVersion: string | null; }; }' is not assignable to parameter of type 'never[]'.
      Type '{ level: LogLevel; message: string; details: string | null; user_id: string | null; platform: "ios" | "android" | "windows" | "macos" | "web"; version: string; metadata: { modelName: string | null; osVersion: string | null; }; }' is missing the following properties from type 'never[]': length, pop, push, concat, and 35 more.
services/logger.ts(47,25): error TS7006: Parameter 'details' implicitly has an 'any' type.
services/logger.ts(51,25): error TS7006: Parameter 'details' implicitly has an 'any' type.
services/logger.ts(55,26): error TS7006: Parameter 'details' implicitly has an 'any' type.
services/logger.ts(59,29): error TS7006: Parameter 'details' implicitly has an 'any' type.
services/notifications.ts(67,92): error TS2339: Property 'extra' does not exist on type 'EmbeddedManifest'.
services/notifications.ts(96,10): error TS2769: No overload matches this call.
  Overload 1 of 2, '(values: never, options?: { onConflict?: string | undefined; ignoreDuplicates?: boolean | undefined; count?: "exact" | "planned" | "estimated" | undefined; } | undefined): PostgrestFilterBuilder<{ ...; }, ... 5 more ..., "POST">', gave the following error.
    Argument of type '{ user_id: string; push_token: string; platform: "ios" | "android" | "windows" | "macos" | "web"; is_active: boolean; updated_at: string; }' is not assignable to parameter of type 'never'.
  Overload 2 of 2, '(values: never[], options?: { onConflict?: string | undefined; ignoreDuplicates?: boolean | undefined; count?: "exact" | "planned" | "estimated" | undefined; defaultToNull?: boolean | undefined; } | undefined): PostgrestFilterBuilder<...>', gave the following error.
    Object literal may only specify known properties, and 'user_id' does not exist in type 'never[]'.
services/notifications.ts(124,64): error TS7006: Parameter 'data' implicitly has an 'any' type.
services/profiles.ts(25,44): error TS2339: Property 'profiles' does not exist on type 'never'.
services/profiles.ts(25,61): error TS2339: Property 'profiles' does not exist on type 'never'.
services/profiles.ts(25,80): error TS2339: Property 'profiles' does not exist on type 'never'.
services/profiles.ts(28,16): error TS2339: Property 'id' does not exist on type 'never'.
services/profiles.ts(29,19): error TS2339: Property 'email' does not exist on type 'never'.
services/profiles.ts(30,22): error TS2339: Property 'full_name' does not exist on type 'never'.
services/profiles.ts(31,23): error TS2339: Property 'avatar_url' does not exist on type 'never'.
services/profiles.ts(32,27): error TS2339: Property 'birth_date' does not exist on type 'never'.
services/profiles.ts(33,24): error TS2339: Property 'zodiac_sign' does not exist on type 'never'.
services/profiles.ts(34,20): error TS2339: Property 'gender' does not exist on type 'never'.
services/profiles.ts(35,18): error TS2339: Property 'city' does not exist on type 'never'.
services/profiles.ts(36,20): error TS2339: Property 'status' does not exist on type 'never'.
services/profiles.ts(37,23): error TS2339: Property 'created_at' does not exist on type 'never'.
services/profiles.ts(38,23): error TS2339: Property 'updated_at' does not exist on type 'never'.
services/profiles.ts(56,19): error TS2345: Argument of type '{ id?: string | undefined; auth_user_id?: string | null | undefined; email?: string | undefined; full_name?: string | null | undefined; zodiac_sign?: string | null | undefined; avatar_url?: string | ... 1 more ... | undefined; ... 5 more ...; updated_at?: string | ... 1 more ... | undefined; }' is not assignable to parameter of type 'never'.
services/profiles.ts(65,19): error TS2345: Argument of type '{ id?: string | undefined; user_id?: string | undefined; birth_date?: string | null | undefined; gender?: string | null | undefined; bio?: string | null | undefined; preferred_teller_id?: string | ... 1 more ... | undefined; ... 4 more ...; birthdate?: string | ... 1 more ... | undefined; }' is not assignable to parameter of type 'never'.
services/revenueCat.ts(71,11): error TS18046: 'e' is of type 'unknown'.
services/revenueCat.ts(71,46): error TS18046: 'e' is of type 'unknown'.
services/revenueCat.ts(85,12): error TS18046: 'e' is of type 'unknown'.
services/wallet.ts(27,10): error TS2769: No overload matches this call.
  Overload 1 of 2, '(values: never, options?: { count?: "exact" | "planned" | "estimated" | undefined; } | undefined): PostgrestFilterBuilder<{ PostgrestVersion: "12"; }, never, never, null, "wallet", never, "POST">', gave the following error.
    Argument of type '{ user_id: string; credits: number; diamonds: number; }' is not assignable to parameter of type 'never'.
  Overload 2 of 2, '(values: never[], options?: { count?: "exact" | "planned" | "estimated" | undefined; defaultToNull?: boolean | undefined; } | undefined): PostgrestFilterBuilder<{ PostgrestVersion: "12"; }, never, never, null, "wallet", never, "POST">', gave the following error.
    Object literal may only specify known properties, and 'user_id' does not exist in type 'never[]'.
services/wallet.ts(40,31): error TS2339: Property 'credits' does not exist on type 'never'.
services/wallet.ts(41,32): error TS2339: Property 'diamonds' does not exist on type 'never'.
services/wallet.ts(46,24): error TS2339: Property 'credits' does not exist on type 'never'.
services/wallet.ts(47,25): error TS2339: Property 'diamonds' does not exist on type 'never'.
services/wallet.ts(63,77): error TS2345: Argument of type '{ p_user_id: string; p_amount: number; p_transaction_type: string; }' is not assignable to parameter of type 'undefined'.
services/wallet.ts(78,35): error TS2339: Property 'new_balance' does not exist on type 'never'.
services/wallet.ts(86,78): error TS2345: Argument of type '{ p_user_id: string; p_amount: number; p_transaction_type: string; }' is not assignable to parameter of type 'undefined'.
services/wallet.ts(100,35): error TS2339: Property 'new_diamonds' does not exist on type 'never'.
services/wallet.ts(108,81): error TS2345: Argument of type '{ p_user_id: string; p_diamonds_qty: number; p_rate: number; }' is not assignable to parameter of type 'undefined'.
services/wallet.ts(152,7): error TS2769: No overload matches this call.
  Overload 1 of 2, '(values: never, options?: { count?: "exact" | "planned" | "estimated" | undefined; } | undefined): PostgrestFilterBuilder<{ PostgrestVersion: "12"; }, never, never, null, "daily_free_usages", never, "POST">', gave the following error.
    Argument of type '{ user_id: string; fortune_type: string; usage_date: string; }' is not assignable to parameter of type 'never'.
  Overload 2 of 2, '(values: never[], options?: { count?: "exact" | "planned" | "estimated" | undefined; defaultToNull?: boolean | undefined; } | undefined): PostgrestFilterBuilder<{ PostgrestVersion: "12"; }, never, never, null, "daily_free_usages", never, "POST">', gave the following error.
    Object literal may only specify known properties, and 'user_id' does not exist in type 'never[]'.
test_api.ts(13,25): error TS2769: No overload matches this call.
  Overload 1 of 2, '(values: never, options?: { count?: "exact" | "planned" | "estimated" | undefined; } | undefined): PostgrestFilterBuilder<{ PostgrestVersion: "12"; }, never, never, null, "wallet", never, "POST">', gave the following error.
    Argument of type '{ user_id: string; credits: number; diamonds: number; }' is not assignable to parameter of type 'never'.
  Overload 2 of 2, '(values: never[], options?: { count?: "exact" | "planned" | "estimated" | undefined; defaultToNull?: boolean | undefined; } | undefined): PostgrestFilterBuilder<{ PostgrestVersion: "12"; }, never, never, null, "wallet", never, "POST">', gave the following error.
    Object literal may only specify known properties, and 'user_id' does not exist in type 'never[]'.
test_api.ts(14,39): error TS2345: Argument of type '{ p_auth_user_id: string; }' is not assignable to parameter of type 'undefined'.
